Build started 23/12/2014 01:08:49.
     1>Project "D:\Dennis\learning\opencv\coding\template\opencv.template\SimpleOpenCVProgram\SimpleOpenCVProgram.vcxproj" on node 2 (Build target(s)).
     1>ClCompile:
         C:\Program Files (x86)\Microsoft Visual Studio 12.0\VC\bin\CL.exe /c /ZI /nologo /W3 /WX- /Od /Oy- /D WIN32 /D _DEBUG /D _CONSOLE /D _LIB /D _UNICODE /D UNICODE /Gm /EHsc /RTC1 /MDd /GS /fp:precise /Zc:wchar_t /Zc:forScope /Fo"Debug\\" /Fd"Debug\vc120.pdb" /Gd /TP /analyze- /errorReport:prompt main.cpp
         main.cpp
       Link:
         C:\Program Files (x86)\Microsoft Visual Studio 12.0\VC\bin\link.exe /ERRORREPORT:PROMPT /OUT:"D:\Dennis\learning\opencv\coding\template\opencv.template\Debug\SimpleOpenCVProgram.exe" /INCREMENTAL /NOLOGO /LIBPATH:C:\opencv\opencv\build\x64\vc12\lib opencv_calib3d2410d.lib opencv_contrib2410d.lib opencv_core2410d.lib opencv_features2d2410d.lib opencv_flann2410d.lib opencv_gpu2410d.lib opencv_highgui2410d.lib opencv_imgproc2410d.lib opencv_legacy2410d.lib opencv_ml2410d.lib opencv_nonfree2410d.lib opencv_objdetect2410d.lib opencv_ocl2410d.lib opencv_photo2410d.lib opencv_stitching2410d.lib opencv_superres2410d.lib opencv_video2410d.lib opencv_videostab2410d.lib kernel32.lib user32.lib gdi32.lib winspool.lib comdlg32.lib advapi32.lib shell32.lib ole32.lib oleaut32.lib uuid.lib odbc32.lib odbccp32.lib /MANIFEST /MANIFESTUAC:"level='asInvoker' uiAccess='false'" /manifest:embed /DEBUG /PDB:"D:\Dennis\learning\opencv\coding\template\opencv.template\Debug\SimpleOpenCVProgram.pdb" /SUBSYSTEM:CONSOLE /TLBID:1 /DYNAMICBASE /NXCOMPAT /IMPLIB:"D:\Dennis\learning\opencv\coding\template\opencv.template\Debug\SimpleOpenCVProgram.lib" /MACHINE:X86 Debug\main.obj
     1>main.obj : error LNK2019: unresolved external symbol _cvReleaseImage referenced in function _main
     1>main.obj : error LNK2019: unresolved external symbol _cvNamedWindow referenced in function _main
     1>main.obj : error LNK2019: unresolved external symbol _cvShowImage referenced in function _main
     1>main.obj : error LNK2019: unresolved external symbol _cvDestroyWindow referenced in function _main
     1>main.obj : error LNK2019: unresolved external symbol _cvLoadImage referenced in function _main
     1>main.obj : error LNK2019: unresolved external symbol _cvWaitKey referenced in function _main
     1>D:\Dennis\learning\opencv\coding\template\opencv.template\Debug\SimpleOpenCVProgram.exe : fatal error LNK1120: 6 unresolved externals
     1>Done Building Project "D:\Dennis\learning\opencv\coding\template\opencv.template\SimpleOpenCVProgram\SimpleOpenCVProgram.vcxproj" (Build target(s)) -- FAILED.

Build FAILED.

Time Elapsed 00:00:02.06
